Pipeline started
Wed Apr 15 11:18:06 IST 2026
Processing data...
Pipeline finished
Pipeline started
Wed Apr 15 11:26:12 IST 2026
Processing file...
File moved successfully
Pipeline finished
2026-04-17 12:06:15,253 - INFO - Loading data...
2026-04-17 12:06:15,257 - INFO - Validating data...
2026-04-17 12:06:15,258 - INFO - Cleaning data...
2026-04-17 12:06:15,261 - INFO - Merging data ...
2026-04-17 12:06:15,265 - INFO - Saving data...
2026-04-17 12:06:15,269 - INFO - Pipeline executed successfully2026-04-18 11:10:08,138 - INFO - Loading data...
2026-04-18 11:10:08,140 - INFO - Validating data...
2026-04-18 11:10:08,141 - INFO - Cleaning data...
2026-04-18 11:10:08,143 - INFO - Merging data ...
2026-04-18 11:10:08,146 - INFO - Saving data...
2026-04-18 11:10:08,147 - INFO - Pipeline executed successfully
2026-04-18 11:13:01,784 - INFO - Loading data...
2026-04-18 11:13:01,786 - INFO - Validating data...
2026-04-18 11:13:01,787 - INFO - Cleaning data...
2026-04-18 11:13:01,790 - INFO - Merging data ...
2026-04-18 11:13:01,792 - INFO - Saving data...
2026-04-18 11:13:24,909 - INFO - Loading data...
2026-04-18 11:13:24,911 - INFO - Validating data...
2026-04-18 11:13:24,912 - INFO - Cleaning data...
2026-04-18 11:13:24,914 - INFO - Merging data ...
2026-04-18 11:13:24,915 - INFO - Saving data...
2026-04-18 11:14:31,540 - INFO - Loading data...
2026-04-18 11:14:31,542 - INFO - Validating data...
2026-04-18 11:14:31,544 - INFO - Cleaning data...
2026-04-18 11:14:31,546 - INFO - Merging data ...
2026-04-18 11:14:31,548 - INFO - Saving data...
2026-04-18 11:15:32,845 - INFO - Loading data...
2026-04-18 11:15:32,847 - INFO - Validating data...
2026-04-18 11:15:32,848 - INFO - Cleaning data...
2026-04-18 11:15:32,850 - INFO - Merging data ...
2026-04-18 11:15:32,853 - INFO - Saving data...
2026-04-18 11:15:32,858 - INFO - Pipeline executed successfully
2026-04-18 11:17:35,848 - INFO - Loading data...
2026-04-18 11:17:35,850 - INFO - Validating data...
2026-04-18 11:17:35,851 - INFO - Cleaning data...
2026-04-18 11:17:35,853 - INFO - Merging data ...
2026-04-18 11:17:35,856 - INFO - Saving data...
2026-04-18 11:17:35,860 - INFO - Pipeline executed successfully
2026-04-18 11:19:34,071 - INFO - Loading data...
2026-04-18 11:19:34,073 - INFO - Validating data...
2026-04-18 11:19:34,074 - INFO - Cleaning data...
2026-04-18 11:19:34,076 - INFO - Merging data ...
2026-04-18 11:19:34,080 - INFO - Saving data...
2026-04-18 11:19:34,083 - INFO - Pipeline executed successfully
2026-04-19 12:00:42,495 - INFO - Loading data...
2026-04-19 12:00:42,498 - INFO - Validating data...
2026-04-19 12:00:42,500 - INFO - Cleaning data...
2026-04-19 12:00:42,503 - INFO - Merging data ...
2026-04-19 12:00:42,505 - INFO - Saving data...
2026-04-19 12:00:42,509 - INFO - Pipeline executed successfully
2026-04-19 12:03:29,573 - INFO - Loading data...
2026-04-19 12:03:29,575 - INFO - Validating data...
2026-04-19 12:03:29,577 - INFO - Cleaning data...
2026-04-19 12:03:29,579 - INFO - Merging data ...
2026-04-19 12:03:29,580 - INFO - Saving data...
2026-04-19 12:03:29,583 - INFO - Pipeline executed successfully
